Build started 2012/4/20 23:23:22.
     1>Project "E:\Air\trunk\Dependencies\freetype\builds\win32\vc2008\freetype.vcxproj" on node 2 (build target(s)).
     1>InitializeBuildStatus:
         Creating ".\..\..\..\objs\debug\freetype.unsuccessfulbuild" because "AlwaysCreate" was specified.
       ClCompile:
         E:\Microsoft Visual Studio 10.0\VC\bin\CL.exe /c /I..\..\..\include /Zi /nologo /W4 /WX- /Od /Oy- /D _DEBUG /D WIN32 /D _LIB /D _CRT_SECURE_NO_WARNINGS /D FT_DEBUG_LEVEL_ERROR /D FT_DEBUG_LEVEL_TRACE /D FT2_BUILD_LIBRARY /D _VC80_UPGRADE=0x0710 /D _MBCS /Gm- /EHsc /RTC1 /MDd /GS /fp:precise /Za /Zc:wchar_t /Zc:forScope /Fo".\..\..\..\objs\debug/" /Fd".\..\..\..\objs\debug/vc100.pdb" /Gd /TC /analyze- /errorReport:prompt ..\..\..\src\autofit\autofit.c ..\..\..\src\bdf\bdf.c ..\..\..\src\cff\cff.c ..\..\..\src\base\ftbase.c ..\..\..\src\base\ftbitmap.c ..\..\..\src\cache\ftcache.c ..\..\..\src\base\ftfstype.c ..\..\..\src\base\ftgasp.c ..\..\..\src\base\ftglyph.c ..\..\..\src\gzip\ftgzip.c ..\..\..\src\base\ftinit.c ..\..\..\src\lzw\ftlzw.c ..\..\..\src\base\ftstroke.c ..\..\..\src\base\ftsystem.c ..\..\..\src\smooth\smooth.c ..\..\..\src\base\ftbbox.c ..\..\..\src\base\ftgxval.c ..\..\..\src\base\ftlcdfil.c ..\..\..\src\base\ftmm.c ..\..\..\src\base\ftotval.c ..\..\..\src\base\ftpatent.c ..\..\..\src\base\ftpfr.c ..\..\..\src\base\ftsynth.c ..\..\..\src\base\fttype1.c ..\..\..\src\base\ftwinfnt.c ..\..\..\src\base\ftxf86.c ..\..\..\src\pcf\pcf.c ..\..\..\src\pfr\pfr.c ..\..\..\src\psaux\psaux.c ..\..\..\src\pshinter\pshinter.c ..\..\..\src\psnames\psmodule.c ..\..\..\src\raster\raster.c ..\..\..\src\sfnt\sfnt.c ..\..\..\src\truetype\truetype.c ..\..\..\src\type1\type1.c ..\..\..\src\cid\type1cid.c ..\..\..\src\type42\type42.c ..\..\..\src\winfonts\winfnt.c
         autofit.c
     1>E:\Microsoft Visual Studio 10.0\VC\include\sal.h(109): warning C4001: nonstandard extension 'single line comment' was used
         bdf.c
     1>E:\Microsoft Visual Studio 10.0\VC\include\sal.h(109): warning C4001: nonstandard extension 'single line comment' was used
         cff.c
     1>E:\Microsoft Visual Studio 10.0\VC\include\sal.h(109): warning C4001: nonstandard extension 'single line comment' was used
     1>e:\air\trunk\dependencies\freetype\src\cff\cffgload.c(2683): warning C4244: '=' : conversion from 'FT_UInt' to 'FT_Byte', possible loss of data
         ftbase.c
     1>E:\Microsoft Visual Studio 10.0\VC\include\sal.h(109): warning C4001: nonstandard extension 'single line comment' was used
         ftbitmap.c
     1>E:\Microsoft Visual Studio 10.0\VC\include\sal.h(109): warning C4001: nonstandard extension 'single line comment' was used
         ftcache.c
     1>E:\Microsoft Visual Studio 10.0\VC\include\sal.h(109): warning C4001: nonstandard extension 'single line comment' was used
         ftfstype.c
     1>E:\Microsoft Visual Studio 10.0\VC\include\sal.h(109): warning C4001: nonstandard extension 'single line comment' was used
         ftgasp.c
     1>E:\Microsoft Visual Studio 10.0\VC\include\sal.h(109): warning C4001: nonstandard extension 'single line comment' was used
         ftglyph.c
     1>E:\Microsoft Visual Studio 10.0\VC\include\sal.h(109): warning C4001: nonstandard extension 'single line comment' was used
         ftgzip.c
     1>E:\Microsoft Visual Studio 10.0\VC\include\sal.h(109): warning C4001: nonstandard extension 'single line comment' was used
         ftinit.c
     1>E:\Microsoft Visual Studio 10.0\VC\include\sal.h(109): warning C4001: nonstandard extension 'single line comment' was used
         ftlzw.c
     1>E:\Microsoft Visual Studio 10.0\VC\include\sal.h(109): warning C4001: nonstandard extension 'single line comment' was used
         ftstroke.c
     1>E:\Microsoft Visual Studio 10.0\VC\include\sal.h(109): warning C4001: nonstandard extension 'single line comment' was used
         ftsystem.c
     1>E:\Microsoft Visual Studio 10.0\VC\include\sal.h(109): warning C4001: nonstandard extension 'single line comment' was used
         smooth.c
     1>E:\Microsoft Visual Studio 10.0\VC\include\sal.h(109): warning C4001: nonstandard extension 'single line comment' was used
         ftbbox.c
     1>E:\Microsoft Visual Studio 10.0\VC\include\sal.h(109): warning C4001: nonstandard extension 'single line comment' was used
         ftgxval.c
     1>E:\Microsoft Visual Studio 10.0\VC\include\sal.h(109): warning C4001: nonstandard extension 'single line comment' was used
         ftlcdfil.c
     1>E:\Microsoft Visual Studio 10.0\VC\include\sal.h(109): warning C4001: nonstandard extension 'single line comment' was used
         ftmm.c
     1>E:\Microsoft Visual Studio 10.0\VC\include\sal.h(109): warning C4001: nonstandard extension 'single line comment' was used
         ftotval.c
     1>E:\Microsoft Visual Studio 10.0\VC\include\sal.h(109): warning C4001: nonstandard extension 'single line comment' was used
         Generating Code...
         Compiling...
         ftpatent.c
     1>E:\Microsoft Visual Studio 10.0\VC\include\sal.h(109): warning C4001: nonstandard extension 'single line comment' was used
         ftpfr.c
     1>E:\Microsoft Visual Studio 10.0\VC\include\sal.h(109): warning C4001: nonstandard extension 'single line comment' was used
         ftsynth.c
     1>E:\Microsoft Visual Studio 10.0\VC\include\sal.h(109): warning C4001: nonstandard extension 'single line comment' was used
         fttype1.c
     1>E:\Microsoft Visual Studio 10.0\VC\include\sal.h(109): warning C4001: nonstandard extension 'single line comment' was used
         ftwinfnt.c
     1>E:\Microsoft Visual Studio 10.0\VC\include\sal.h(109): warning C4001: nonstandard extension 'single line comment' was used
         ftxf86.c
     1>E:\Microsoft Visual Studio 10.0\VC\include\sal.h(109): warning C4001: nonstandard extension 'single line comment' was used
         pcf.c
     1>E:\Microsoft Visual Studio 10.0\VC\include\sal.h(109): warning C4001: nonstandard extension 'single line comment' was used
         pfr.c
     1>E:\Microsoft Visual Studio 10.0\VC\include\sal.h(109): warning C4001: nonstandard extension 'single line comment' was used
         psaux.c
     1>E:\Microsoft Visual Studio 10.0\VC\include\sal.h(109): warning C4001: nonstandard extension 'single line comment' was used
         pshinter.c
     1>E:\Microsoft Visual Studio 10.0\VC\include\sal.h(109): warning C4001: nonstandard extension 'single line comment' was used
         psmodule.c
     1>E:\Microsoft Visual Studio 10.0\VC\include\sal.h(109): warning C4001: nonstandard extension 'single line comment' was used
         raster.c
     1>E:\Microsoft Visual Studio 10.0\VC\include\sal.h(109): warning C4001: nonstandard extension 'single line comment' was used
         sfnt.c
     1>E:\Microsoft Visual Studio 10.0\VC\include\sal.h(109): warning C4001: nonstandard extension 'single line comment' was used
         truetype.c
     1>E:\Microsoft Visual Studio 10.0\VC\include\sal.h(109): warning C4001: nonstandard extension 'single line comment' was used
         type1.c
     1>E:\Microsoft Visual Studio 10.0\VC\include\sal.h(109): warning C4001: nonstandard extension 'single line comment' was used
         type1cid.c
     1>E:\Microsoft Visual Studio 10.0\VC\include\sal.h(109): warning C4001: nonstandard extension 'single line comment' was used
         type42.c
     1>E:\Microsoft Visual Studio 10.0\VC\include\sal.h(109): warning C4001: nonstandard extension 'single line comment' was used
         winfnt.c
     1>E:\Microsoft Visual Studio 10.0\VC\include\sal.h(109): warning C4001: nonstandard extension 'single line comment' was used
         Generating Code...
         E:\Microsoft Visual Studio 10.0\VC\bin\CL.exe /c /I..\..\..\include /Zi /nologo /W4 /WX- /Od /Oy- /D _DEBUG /D WIN32 /D _LIB /D _CRT_SECURE_NO_WARNINGS /D FT_DEBUG_LEVEL_ERROR /D FT_DEBUG_LEVEL_TRACE /D FT2_BUILD_LIBRARY /D _VC80_UPGRADE=0x0710 /D _MBCS /Gm- /EHsc /RTC1 /MDd /GS /fp:precise /Zc:wchar_t /Zc:forScope /Fo".\..\..\..\objs\debug/" /Fd".\..\..\..\objs\debug/vc100.pdb" /Gd /TC /analyze- /errorReport:prompt ..\ftdebug.c
         ftdebug.c
     1>C:\Program Files (x86)\MSBuild\Microsoft.Cpp\v4.0\Microsoft.CppBuild.targets(1151,5): warning MSB8012: TargetPath(E:\Air\trunk\Dependencies\freetype\builds\win32\vc2008\.\..\..\..\objs\debug\freetype.lib) does not match the Library's OutputFile property value (E:\Air\trunk\Dependencies\freetype\objs\win32\vc2008\freetype240_D.lib). This may cause your project to build incorrectly. To correct this, please make sure that $(OutDir), $(TargetName) and $(TargetExt) property values match the value specified in %(Lib.OutputFile).
     1>C:\Program Files (x86)\MSBuild\Microsoft.Cpp\v4.0\Microsoft.CppBuild.targets(1153,5): warning MSB8012: TargetName(freetype) does not match the Library's OutputFile property value (freetype240_D). This may cause your project to build incorrectly. To correct this, please make sure that $(OutDir), $(TargetName) and $(TargetExt) property values match the value specified in %(Lib.OutputFile).
       Lib:
         E:\Microsoft Visual Studio 10.0\VC\bin\Lib.exe /OUT:"..\..\..\objs\win32\vc2008\freetype240_D.lib" /NOLOGO .\..\..\..\objs\debug/autofit.obj
         .\..\..\..\objs\debug/bdf.obj
         .\..\..\..\objs\debug/cff.obj
         .\..\..\..\objs\debug/ftbase.obj
         .\..\..\..\objs\debug/ftbitmap.obj
         .\..\..\..\objs\debug/ftcache.obj
         .\..\..\..\objs\debug/ftdebug.obj
         .\..\..\..\objs\debug/ftfstype.obj
         .\..\..\..\objs\debug/ftgasp.obj
         .\..\..\..\objs\debug/ftglyph.obj
         .\..\..\..\objs\debug/ftgzip.obj
         .\..\..\..\objs\debug/ftinit.obj
         .\..\..\..\objs\debug/ftlzw.obj
         .\..\..\..\objs\debug/ftstroke.obj
         .\..\..\..\objs\debug/ftsystem.obj
         .\..\..\..\objs\debug/smooth.obj
         .\..\..\..\objs\debug/ftbbox.obj
         .\..\..\..\objs\debug/ftgxval.obj
         .\..\..\..\objs\debug/ftlcdfil.obj
         .\..\..\..\objs\debug/ftmm.obj
         .\..\..\..\objs\debug/ftotval.obj
         .\..\..\..\objs\debug/ftpatent.obj
         .\..\..\..\objs\debug/ftpfr.obj
         .\..\..\..\objs\debug/ftsynth.obj
         .\..\..\..\objs\debug/fttype1.obj
         .\..\..\..\objs\debug/ftwinfnt.obj
         .\..\..\..\objs\debug/ftxf86.obj
         .\..\..\..\objs\debug/pcf.obj
         .\..\..\..\objs\debug/pfr.obj
         .\..\..\..\objs\debug/psaux.obj
         .\..\..\..\objs\debug/pshinter.obj
         .\..\..\..\objs\debug/psmodule.obj
         .\..\..\..\objs\debug/raster.obj
         .\..\..\..\objs\debug/sfnt.obj
         .\..\..\..\objs\debug/truetype.obj
         .\..\..\..\objs\debug/type1.obj
         .\..\..\..\objs\debug/type1cid.obj
         .\..\..\..\objs\debug/type42.obj
         .\..\..\..\objs\debug/winfnt.obj
         freetype.vcxproj -> E:\Air\trunk\Dependencies\freetype\builds\win32\vc2008\.\..\..\..\objs\debug\freetype.lib
       FinalizeBuildStatus:
         Deleting file ".\..\..\..\objs\debug\freetype.unsuccessfulbuild".
         Touching ".\..\..\..\objs\debug\freetype.lastbuildstate".
     1>Done Building Project "E:\Air\trunk\Dependencies\freetype\builds\win32\vc2008\freetype.vcxproj" (build target(s)).

Build succeeded.

Time Elapsed 00:00:02.50
