Build started 2012/4/20 23:28:54.
     1>Project "E:\Air\trunk\Dependencies\Package\Package_vs2008.vcxproj" on node 2 (build target(s)).
     1>InitializeBuildStatus:
         Creating "Debug\obj\Package.unsuccessfulbuild" because "AlwaysCreate" was specified.
       ClCompile:
         E:\Microsoft Visual Studio 10.0\VC\bin\CL.exe /c /ZI /nologo /W3 /WX- /Od /Oy- /D RARDLL /D UNRAR /D SILENT /D _WINDLL /D _MBCS /Gm- /EHsc /RTC1 /MDd /GS /fp:precise /Zc:wchar_t /Zc:forScope /GR- /Yc"rar.hpp" /Fp"Debug\obj\Package.pch" /Fo"Debug\obj\\" /Fd"Debug\obj\vc100.pdb" /Gd /TP /wd4007 /wd4996 /analyze- /errorReport:prompt rarpch.cpp /MP 
         rarpch.cpp
         E:\Microsoft Visual Studio 10.0\VC\bin\CL.exe /c /ZI /nologo /W3 /WX- /Od /Oy- /D RARDLL /D UNRAR /D SILENT /D _WINDLL /D _MBCS /Gm- /EHsc /RTC1 /MDd /GS /fp:precise /Zc:wchar_t /Zc:forScope /GR- /Yu"rar.hpp" /Fp"Debug\obj\Package.pch" /Fo"Debug\obj\\" /Fd"Debug\obj\vc100.pdb" /Gd /TP /wd4007 /wd4996 /analyze- /errorReport:prompt archive.cpp arcread.cpp cmddata.cpp consio.cpp crc.cpp crypt.cpp dll.cpp encname.cpp errhnd.cpp extinfo.cpp extract.cpp filcreat.cpp file.cpp filefn.cpp filestr.cpp find.cpp getbits.cpp isnt.cpp list.cpp match.cpp options.cpp pathfn.cpp rar.cpp rarvm.cpp rawread.cpp rdwrfn.cpp recvol.cpp rijndael.cpp rs.cpp savepos.cpp scantree.cpp sha1.cpp smallfn.cpp strfn.cpp strlist.cpp system.cpp timefn.cpp ulinks.cpp unicode.cpp unpack.cpp volume.cpp /MP 
         archive.cpp
         arcread.cpp
         cmddata.cpp
         consio.cpp
         crc.cpp
         crypt.cpp
         dll.cpp
         encname.cpp
         errhnd.cpp
         extinfo.cpp
         extract.cpp
         filcreat.cpp
         file.cpp
         filefn.cpp
         filestr.cpp
         find.cpp
         getbits.cpp
         isnt.cpp
         list.cpp
         match.cpp
         options.cpp
         pathfn.cpp
         rar.cpp
         rarvm.cpp
         rawread.cpp
         rdwrfn.cpp
         recvol.cpp
         rijndael.cpp
         rs.cpp
         savepos.cpp
         scantree.cpp
         sha1.cpp
         smallfn.cpp
         strfn.cpp
         strlist.cpp
         system.cpp
         timefn.cpp
         ulinks.cpp
         unicode.cpp
         unpack.cpp
         volume.cpp
         E:\Microsoft Visual Studio 10.0\VC\bin\CL.exe /c /ZI /nologo /W3 /WX- /Od /Oy- /D RARDLL /D UNRAR /D SILENT /D _WINDLL /D _MBCS /Gm- /EHsc /RTC1 /MDd /GS /fp:precise /Zc:wchar_t /Zc:forScope /GR- /Fo"Debug\obj\\" /Fd"Debug\obj\vc100.pdb" /Gd /TP /wd4007 /wd4996 /analyze- /errorReport:prompt global.cpp /MP 
         global.cpp
       ResourceCompile:
         C:\Program Files (x86)\Microsoft SDKs\Windows\v7.0A\bin\rc.exe /l"0x0409" /nologo /fo"Debug\obj\dll.res" dll.rc 
       ManifestResourceCompile:
         C:\Program Files (x86)\Microsoft SDKs\Windows\v7.0A\bin\rc.exe /nologo /fo"Debug\obj\Package.dll.embed.manifest.res" Debug\obj\Package_manifest.rc 
       Link:
         E:\Microsoft Visual Studio 10.0\VC\bin\link.exe /ERRORREPORT:PROMPT /OUT:"Debug\Package.dll" /INCREMENTAL /NOLOGO kernel32.lib user32.lib gdi32.lib winspool.lib comdlg32.lib advapi32.lib shell32.lib ole32.lib oleaut32.lib uuid.lib odbc32.lib odbccp32.lib /DEF:"dll.def" /MANIFEST /ManifestFile:"Debug\obj\Package.dll.intermediate.manifest" /MANIFESTUAC:"level='asInvoker' uiAccess='false'" /DEBUG /PDB:"E:\Air\trunk\Dependencies\Package\Debug\Package.pdb" /SUBSYSTEM:CONSOLE /TLBID:1 /DYNAMICBASE /NXCOMPAT /IMPLIB:"Debug\Package.lib" /MACHINE:X86 /DLL Debug\obj\dll.res
         Debug\obj\Package.dll.embed.manifest.res
         Debug\obj\archive.obj
         Debug\obj\arcread.obj
         Debug\obj\cmddata.obj
         Debug\obj\consio.obj
         Debug\obj\crc.obj
         Debug\obj\crypt.obj
         Debug\obj\dll.obj
         Debug\obj\encname.obj
         Debug\obj\errhnd.obj
         Debug\obj\extinfo.obj
         Debug\obj\extract.obj
         Debug\obj\filcreat.obj
         Debug\obj\file.obj
         Debug\obj\filefn.obj
         Debug\obj\filestr.obj
         Debug\obj\find.obj
         Debug\obj\getbits.obj
         Debug\obj\global.obj
         Debug\obj\isnt.obj
         Debug\obj\list.obj
         Debug\obj\match.obj
         Debug\obj\options.obj
         Debug\obj\pathfn.obj
         Debug\obj\rar.obj
         Debug\obj\rarpch.obj
         Debug\obj\rarvm.obj
         Debug\obj\rawread.obj
         Debug\obj\rdwrfn.obj
         Debug\obj\recvol.obj
         Debug\obj\rijndael.obj
         Debug\obj\rs.obj
         Debug\obj\savepos.obj
         Debug\obj\scantree.obj
         Debug\obj\sha1.obj
         Debug\obj\smallfn.obj
         Debug\obj\strfn.obj
         Debug\obj\strlist.obj
         Debug\obj\system.obj
         Debug\obj\timefn.obj
         Debug\obj\ulinks.obj
         Debug\obj\unicode.obj
         Debug\obj\unpack.obj
         Debug\obj\volume.obj
            Creating library Debug\Package.lib and object Debug\Package.exp
       Manifest:
         C:\Program Files (x86)\Microsoft SDKs\Windows\v7.0A\bin\mt.exe /nologo /verbose /out:"Debug\obj\Package.dll.embed.manifest" /manifest Debug\obj\Package.dll.intermediate.manifest
         C:\Program Files (x86)\Microsoft SDKs\Windows\v7.0A\bin\rc.exe /nologo /fo"Debug\obj\Package.dll.embed.manifest.res" Debug\obj\Package_manifest.rc 
       LinkEmbedManifest:
         E:\Microsoft Visual Studio 10.0\VC\bin\link.exe /ERRORREPORT:PROMPT /OUT:"Debug\Package.dll" /INCREMENTAL /NOLOGO kernel32.lib user32.lib gdi32.lib winspool.lib comdlg32.lib advapi32.lib shell32.lib ole32.lib oleaut32.lib uuid.lib odbc32.lib odbccp32.lib /DEF:"dll.def" /MANIFEST /ManifestFile:"Debug\obj\Package.dll.intermediate.manifest" /MANIFESTUAC:"level='asInvoker' uiAccess='false'" /DEBUG /PDB:"E:\Air\trunk\Dependencies\Package\Debug\Package.pdb" /SUBSYSTEM:CONSOLE /TLBID:1 /DYNAMICBASE /NXCOMPAT /IMPLIB:"Debug\Package.lib" /MACHINE:X86 /DLL Debug\obj\dll.res
         Debug\obj\Package.dll.embed.manifest.res
         Debug\obj\archive.obj
         Debug\obj\arcread.obj
         Debug\obj\cmddata.obj
         Debug\obj\consio.obj
         Debug\obj\crc.obj
         Debug\obj\crypt.obj
         Debug\obj\dll.obj
         Debug\obj\encname.obj
         Debug\obj\errhnd.obj
         Debug\obj\extinfo.obj
         Debug\obj\extract.obj
         Debug\obj\filcreat.obj
         Debug\obj\file.obj
         Debug\obj\filefn.obj
         Debug\obj\filestr.obj
         Debug\obj\find.obj
         Debug\obj\getbits.obj
         Debug\obj\global.obj
         Debug\obj\isnt.obj
         Debug\obj\list.obj
         Debug\obj\match.obj
         Debug\obj\options.obj
         Debug\obj\pathfn.obj
         Debug\obj\rar.obj
         Debug\obj\rarpch.obj
         Debug\obj\rarvm.obj
         Debug\obj\rawread.obj
         Debug\obj\rdwrfn.obj
         Debug\obj\recvol.obj
         Debug\obj\rijndael.obj
         Debug\obj\rs.obj
         Debug\obj\savepos.obj
         Debug\obj\scantree.obj
         Debug\obj\sha1.obj
         Debug\obj\smallfn.obj
         Debug\obj\strfn.obj
         Debug\obj\strlist.obj
         Debug\obj\system.obj
         Debug\obj\timefn.obj
         Debug\obj\ulinks.obj
         Debug\obj\unicode.obj
         Debug\obj\unpack.obj
         Debug\obj\volume.obj
            Creating library Debug\Package.lib and object Debug\Package.exp
         Package_vs2008.vcxproj -> E:\Air\trunk\Dependencies\Package\Debug\Package.dll
       FinalizeBuildStatus:
         Deleting file "Debug\obj\Package.unsuccessfulbuild".
         Touching "Debug\obj\Package.lastbuildstate".
     1>Done Building Project "E:\Air\trunk\Dependencies\Package\Package_vs2008.vcxproj" (build target(s)).

Build succeeded.

Time Elapsed 00:00:01.98
